mode: set
github.com/SawitProRecruitment/UserService/tools/bcrypt.go:7.61,9.16 2 0
github.com/SawitProRecruitment/UserService/tools/bcrypt.go:9.16,11.3 1 0
github.com/SawitProRecruitment/UserService/tools/bcrypt.go:12.2,13.8 2 0
github.com/SawitProRecruitment/UserService/tools/bcrypt.go:16.54,23.2 2 0
github.com/SawitProRecruitment/UserService/tools/errors.go:9.30,11.2 1 0
github.com/SawitProRecruitment/UserService/tools/jwt.go:20.122,30.16 7 0
github.com/SawitProRecruitment/UserService/tools/jwt.go:30.16,32.3 1 0
github.com/SawitProRecruitment/UserService/tools/jwt.go:34.2,35.16 2 0
github.com/SawitProRecruitment/UserService/tools/jwt.go:35.16,37.3 1 0
github.com/SawitProRecruitment/UserService/tools/jwt.go:39.2,39.40 1 0
github.com/SawitProRecruitment/UserService/tools/jwt.go:42.127,46.2 2 0
github.com/SawitProRecruitment/UserService/tools/mocks.go:3.33,5.2 1 0
github.com/SawitProRecruitment/UserService/tools/mocks.go:7.32,9.2 1 0
github.com/SawitProRecruitment/UserService/tools/validation.go:20.13,22.68 2 1
github.com/SawitProRecruitment/UserService/tools/validation.go:22.68,24.18 2 1
github.com/SawitProRecruitment/UserService/tools/validation.go:24.18,26.4 1 0
github.com/SawitProRecruitment/UserService/tools/validation.go:27.3,27.14 1 1
github.com/SawitProRecruitment/UserService/tools/validation.go:30.2,31.16 2 1
github.com/SawitProRecruitment/UserService/tools/validation.go:31.16,32.13 1 0
github.com/SawitProRecruitment/UserService/tools/validation.go:35.2,36.16 2 1
github.com/SawitProRecruitment/UserService/tools/validation.go:36.16,37.13 1 0
github.com/SawitProRecruitment/UserService/tools/validation.go:41.59,43.32 2 1
github.com/SawitProRecruitment/UserService/tools/validation.go:43.32,44.23 1 1
github.com/SawitProRecruitment/UserService/tools/validation.go:44.23,46.4 1 1
github.com/SawitProRecruitment/UserService/tools/validation.go:49.2,49.49 1 1
github.com/SawitProRecruitment/UserService/tools/validation.go:49.49,51.3 1 1
github.com/SawitProRecruitment/UserService/tools/validation.go:53.2,53.43 1 1
github.com/SawitProRecruitment/UserService/tools/validation.go:53.43,55.3 1 1
github.com/SawitProRecruitment/UserService/tools/validation.go:57.2,58.38 2 1
github.com/SawitProRecruitment/UserService/tools/validation.go:61.56,68.32 5 1
github.com/SawitProRecruitment/UserService/tools/validation.go:68.32,69.28 1 1
github.com/SawitProRecruitment/UserService/tools/validation.go:69.28,71.4 1 1
github.com/SawitProRecruitment/UserService/tools/validation.go:71.9,71.36 1 1
github.com/SawitProRecruitment/UserService/tools/validation.go:71.36,73.4 1 1
github.com/SawitProRecruitment/UserService/tools/validation.go:73.9,73.64 1 1
github.com/SawitProRecruitment/UserService/tools/validation.go:73.64,75.4 1 1
github.com/SawitProRecruitment/UserService/tools/validation.go:78.2,78.46 1 1
github.com/SawitProRecruitment/UserService/tools/validation.go:81.50,84.16 2 1
github.com/SawitProRecruitment/UserService/tools/validation.go:84.16,86.3 1 1
github.com/SawitProRecruitment/UserService/tools/validation.go:88.2,88.58 1 1
github.com/SawitProRecruitment/UserService/tools/validation.go:88.58,90.3 1 1
github.com/SawitProRecruitment/UserService/tools/validation.go:92.2,94.55 2 1
github.com/SawitProRecruitment/UserService/tools/validation.go:94.55,100.3 1 1
github.com/SawitProRecruitment/UserService/tools/validation.go:102.2,106.3 1 1
github.com/SawitProRecruitment/UserService/tools/validation.go:110.42,113.31 3 1
github.com/SawitProRecruitment/UserService/tools/validation.go:113.31,114.36 1 1
github.com/SawitProRecruitment/UserService/tools/validation.go:114.36,115.12 1 1
github.com/SawitProRecruitment/UserService/tools/validation.go:117.3,117.25 1 1
github.com/SawitProRecruitment/UserService/tools/validation.go:119.2,119.31 1 1
github.com/SawitProRecruitment/UserService/handler/endpoints.go:15.55,20.16 4 1
github.com/SawitProRecruitment/UserService/handler/endpoints.go:20.16,22.3 1 1
github.com/SawitProRecruitment/UserService/handler/endpoints.go:24.2,25.44 2 1
github.com/SawitProRecruitment/UserService/handler/endpoints.go:25.44,27.3 1 1
github.com/SawitProRecruitment/UserService/handler/endpoints.go:29.2,30.16 2 1
github.com/SawitProRecruitment/UserService/handler/endpoints.go:30.16,32.3 1 0
github.com/SawitProRecruitment/UserService/handler/endpoints.go:34.2,41.16 3 1
github.com/SawitProRecruitment/UserService/handler/endpoints.go:41.16,42.31 1 1
github.com/SawitProRecruitment/UserService/handler/endpoints.go:42.31,44.4 1 1
github.com/SawitProRecruitment/UserService/handler/endpoints.go:45.3,45.63 1 1
github.com/SawitProRecruitment/UserService/handler/endpoints.go:48.2,52.43 2 1
github.com/SawitProRecruitment/UserService/handler/endpoints.go:55.52,60.16 4 1
github.com/SawitProRecruitment/UserService/handler/endpoints.go:60.16,62.3 1 1
github.com/SawitProRecruitment/UserService/handler/endpoints.go:64.2,65.44 2 1
github.com/SawitProRecruitment/UserService/handler/endpoints.go:65.44,67.3 1 1
github.com/SawitProRecruitment/UserService/handler/endpoints.go:69.2,70.16 2 1
github.com/SawitProRecruitment/UserService/handler/endpoints.go:70.16,71.27 1 1
github.com/SawitProRecruitment/UserService/handler/endpoints.go:71.27,73.4 1 1
github.com/SawitProRecruitment/UserService/handler/endpoints.go:74.3,74.63 1 1
github.com/SawitProRecruitment/UserService/handler/endpoints.go:77.2,78.16 2 1
github.com/SawitProRecruitment/UserService/handler/endpoints.go:78.16,80.3 1 1
github.com/SawitProRecruitment/UserService/handler/endpoints.go:82.2,88.16 3 1
github.com/SawitProRecruitment/UserService/handler/endpoints.go:88.16,90.3 1 1
github.com/SawitProRecruitment/UserService/handler/endpoints.go:91.2,95.38 2 1
github.com/SawitProRecruitment/UserService/handler/endpoints.go:99.57,103.16 3 1
github.com/SawitProRecruitment/UserService/handler/endpoints.go:103.16,104.27 1 1
github.com/SawitProRecruitment/UserService/handler/endpoints.go:104.27,106.4 1 1
github.com/SawitProRecruitment/UserService/handler/endpoints.go:107.3,107.63 1 1
github.com/SawitProRecruitment/UserService/handler/endpoints.go:110.2,116.38 2 1
github.com/SawitProRecruitment/UserService/handler/endpoints.go:119.53,126.16 6 1
github.com/SawitProRecruitment/UserService/handler/endpoints.go:126.16,128.3 1 1
github.com/SawitProRecruitment/UserService/handler/endpoints.go:130.2,131.44 2 1
github.com/SawitProRecruitment/UserService/handler/endpoints.go:131.44,133.3 1 1
github.com/SawitProRecruitment/UserService/handler/endpoints.go:135.2,136.16 2 1
github.com/SawitProRecruitment/UserService/handler/endpoints.go:136.16,137.27 1 1
github.com/SawitProRecruitment/UserService/handler/endpoints.go:137.27,139.4 1 1
github.com/SawitProRecruitment/UserService/handler/endpoints.go:140.3,140.63 1 1
github.com/SawitProRecruitment/UserService/handler/endpoints.go:143.2,147.16 4 1
github.com/SawitProRecruitment/UserService/handler/endpoints.go:147.16,148.31 1 1
github.com/SawitProRecruitment/UserService/handler/endpoints.go:148.31,150.4 1 1
github.com/SawitProRecruitment/UserService/handler/endpoints.go:151.3,151.63 1 1
github.com/SawitProRecruitment/UserService/handler/endpoints.go:154.2,154.103 1 1
github.com/SawitProRecruitment/UserService/handler/middleware.go:12.59,13.54 1 0
github.com/SawitProRecruitment/UserService/handler/middleware.go:13.54,14.37 1 0
github.com/SawitProRecruitment/UserService/handler/middleware.go:14.37,16.24 2 0
github.com/SawitProRecruitment/UserService/handler/middleware.go:16.24,18.5 1 0
github.com/SawitProRecruitment/UserService/handler/middleware.go:20.4,23.18 3 0
github.com/SawitProRecruitment/UserService/handler/middleware.go:23.18,25.5 1 0
github.com/SawitProRecruitment/UserService/handler/middleware.go:27.4,27.85 1 0
github.com/SawitProRecruitment/UserService/handler/middleware.go:27.85,28.59 1 0
github.com/SawitProRecruitment/UserService/handler/middleware.go:28.59,30.6 1 0
github.com/SawitProRecruitment/UserService/handler/middleware.go:31.5,31.20 1 0
github.com/SawitProRecruitment/UserService/handler/middleware.go:34.4,34.18 1 0
github.com/SawitProRecruitment/UserService/handler/middleware.go:34.18,36.5 1 0
github.com/SawitProRecruitment/UserService/handler/middleware.go:38.4,39.27 2 0
github.com/SawitProRecruitment/UserService/handler/middleware.go:39.27,41.5 1 0
github.com/SawitProRecruitment/UserService/handler/middleware.go:43.4,45.18 3 0
github.com/SawitProRecruitment/UserService/handler/server.go:18.47,23.2 1 0
github.com/SawitProRecruitment/UserService/handler/test_init.go:18.101,20.23 2 1
github.com/SawitProRecruitment/UserService/handler/test_init.go:20.23,22.3 1 1
github.com/SawitProRecruitment/UserService/handler/test_init.go:23.2,26.42 3 1
